/usr/local/Library/brew.rb (Formulary::FormulaLoader): loading /usr/local/Library/Taps/homebrew/homebrew-core/Formula/coreutils.rb
/usr/local/Library/brew.rb (Formulary::FormulaLoader): loading /usr/local/Library/Taps/homebrew/homebrew-core/Formula/findutils.rb
/usr/local/Library/brew.rb (Formulary::TapLoader): loading /usr/local/Library/Taps/homebrew/homebrew-core/Formula/apr.rb
/usr/local/Library/brew.rb (Formulary::TapLoader): loading /usr/local/Library/Taps/homebrew/homebrew-core/Formula/apr-util.rb
/usr/local/Library/brew.rb (Formulary::TapLoader): loading /usr/local/Library/Taps/homebrew/homebrew-core/Formula/berkeley-db4.rb
/usr/local/Library/brew.rb (Formulary::TapLoader): loading /usr/local/Library/Taps/homebrew/homebrew-core/Formula/bison.rb
/usr/local/Library/brew.rb (Formulary::TapLoader): loading /usr/local/Library/Taps/homebrew/homebrew-core/Formula/curl.rb
/usr/local/Library/brew.rb (Formulary::TapLoader): loading /usr/local/Library/Taps/homebrew/homebrew-core/Formula/gettext.rb
/usr/local/Library/brew.rb (Formulary::TapLoader): loading /usr/local/Library/Taps/homebrew/homebrew-core/Formula/icu4c.rb
/usr/local/Library/brew.rb (Formulary::TapLoader): loading /usr/local/Library/Taps/homebrew/homebrew-core/Formula/libarchive.rb
/usr/local/Library/brew.rb (Formulary::TapLoader): loading /usr/local/Library/Taps/homebrew/homebrew-core/Formula/libffi.rb
/usr/local/Library/brew.rb (Formulary::TapLoader): loading /usr/local/Library/Taps/homebrew/homebrew-core/Formula/libxml2.rb
/usr/local/Library/brew.rb (Formulary::TapLoader): loading /usr/local/Library/Taps/homebrew/homebrew-core/Formula/llvm.rb
/usr/local/Library/brew.rb (Formulary::TapLoader): loading /usr/local/Library/Taps/homebrew/homebrew-dupes/ncurses.rb
/usr/local/Library/brew.rb (Formulary::TapLoader): loading /usr/local/Library/Taps/homebrew/homebrew-dupes/openldap.rb
/usr/local/Library/brew.rb (Formulary::TapLoader): loading /usr/local/Library/Taps/homebrew/homebrew-core/Formula/openssl.rb
/usr/local/Library/brew.rb (Formulary::TapLoader): loading /usr/local/Library/Taps/homebrew/homebrew-core/Formula/qt5.rb
/usr/local/Library/brew.rb (Formulary::TapLoader): loading /usr/local/Library/Taps/homebrew/homebrew-core/Formula/readline.rb
/usr/local/Library/brew.rb (Formulary::TapLoader): loading /usr/local/Library/Taps/homebrew/homebrew-core/Formula/sphinx-doc.rb
/usr/local/Library/brew.rb (Formulary::TapLoader): loading /usr/local/Library/Taps/homebrew/homebrew-core/Formula/sqlite.rb
/usr/local/Library/brew.rb (Formulary::TapLoader): loading /usr/local/Library/Taps/homebrew/homebrew-dupes/tcl-tk.rb
/usr/local/Library/brew.rb (Formulary::TapLoader): loading /usr/local/Library/Taps/homebrew/homebrew-dupes/zlib.rb
/usr/local/Library/brew.rb (Formulary::TapLoader): loading /usr/local/Library/Taps/homebrew/homebrew-core/Formula/aalib.rb
/usr/local/Library/brew.rb (Formulary::TapLoader): loading /usr/local/Library/Taps/homebrew/homebrew-core/Formula/aspcud.rb
/usr/local/Library/brew.rb (Formulary::TapLoader): loading /usr/local/Library/Taps/homebrew/homebrew-core/Formula/aspell.rb
/usr/local/Library/brew.rb (Formulary::TapLoader): loading /usr/local/Library/Taps/homebrew/homebrew-core/Formula/atk.rb
/usr/local/Library/brew.rb (Formulary::TapLoader): loading /usr/local/Library/Taps/homebrew/homebrew-core/Formula/autoconf.rb
/usr/local/Library/brew.rb (Formulary::TapLoader): loading /usr/local/Library/Taps/homebrew/homebrew-core/Formula/automake.rb
/usr/local/Library/brew.rb (Formulary::TapLoader): loading /usr/local/Library/Taps/homebrew/homebrew-core/Formula/babl.rb
/usr/local/Library/brew.rb (Formulary::TapLoader): loading /usr/local/Library/Taps/homebrew/homebrew-core/Formula/bdw-gc.rb
/usr/local/Library/brew.rb (Formulary::TapLoader): loading /usr/local/Library/Taps/homebrew/homebrew-core/Formula/boost.rb
/usr/local/Library/brew.rb (Formulary::TapLoader): loading /usr/local/Library/Taps/homebrew/homebrew-core/Formula/c-ares.rb
/usr/local/Library/brew.rb (Formulary::TapLoader): loading /usr/local/Library/Taps/homebrew/homebrew-core/Formula/cairo.rb
/usr/local/Library/brew.rb (Formulary::TapLoader): loading /usr/local/Library/Taps/homebrew/homebrew-core/Formula/camlp4.rb
/usr/local/Library/brew.rb (Formulary::TapLoader): loading /usr/local/Library/Taps/homebrew/homebrew-core/Formula/clasp.rb
/usr/local/Library/brew.rb (Formulary::TapLoader): loading /usr/local/Library/Taps/homebrew/homebrew-core/Formula/cmake.rb
/usr/local/Library/brew.rb (Formulary::TapLoader): loading /usr/local/Library/Taps/homebrew/homebrew-php/Formula/composer.rb
/usr/local/Library/brew.rb (Formulary::FormulaLoader): loading /usr/local/Library/Taps/homebrew/homebrew-php/Formula/php53.rb
/usr/local/Library/brew.rb (Formulary::FormulaLoader): loading /usr/local/Library/Taps/homebrew/homebrew-php/Formula/php54.rb
/usr/local/Library/brew.rb (Formulary::FormulaLoader): loading /usr/local/Library/Taps/homebrew/homebrew-php/Formula/php55.rb
/usr/local/Library/brew.rb (Formulary::FormulaLoader): loading /usr/local/Library/Taps/homebrew/homebrew-php/Formula/php56.rb
/usr/local/Library/brew.rb (Formulary::TapLoader): loading /usr/local/Library/Taps/homebrew/homebrew-core/Formula/cunit.rb
/usr/local/Library/brew.rb (Formulary::TapLoader): loading /usr/local/Library/Taps/homebrew/homebrew-core/Formula/dbus.rb
/usr/local/Library/brew.rb (Formulary::TapLoader): loading /usr/local/Library/Taps/homebrew/homebrew-core/Formula/djvulibre.rb
/usr/local/Library/brew.rb (Formulary::TapLoader): loading /usr/local/Library/Taps/homebrew/homebrew-core/Formula/dnsmasq.rb
/usr/local/Library/brew.rb (Formulary::TapLoader): loading /usr/local/Library/Taps/homebrew/homebrew-core/Formula/doxygen.rb
/usr/local/Library/brew.rb (Formulary::TapLoader): loading /usr/local/Library/Taps/homebrew/homebrew-core/Formula/ecj.rb
/usr/local/Library/brew.rb (Formulary::TapLoader): loading /usr/local/Library/Taps/homebrew/homebrew-core/Formula/emacs.rb
/usr/local/Library/brew.rb (Formulary::TapLoader): loading /usr/local/Library/Taps/homebrew/homebrew-core/Formula/enchant.rb
/usr/local/Library/brew.rb (Formulary::TapLoader): loading /usr/local/Library/Taps/homebrew/homebrew-core/Formula/fftw.rb
/usr/local/Library/brew.rb (Formulary::TapLoader): loading /usr/local/Library/Taps/homebrew/homebrew-core/Formula/fltk.rb
/usr/local/Library/brew.rb (Formulary::TapLoader): loading /usr/local/Library/Taps/homebrew/homebrew-core/Formula/fontconfig.rb
/usr/local/Library/brew.rb (Formulary::TapLoader): loading /usr/local/Library/Taps/homebrew/homebrew-core/Formula/freetds.rb
/usr/local/Library/brew.rb (Formulary::TapLoader): loading /usr/local/Library/Taps/homebrew/homebrew-core/Formula/freetype.rb
/usr/local/Library/brew.rb (Formulary::TapLoader): loading /usr/local/Library/Taps/homebrew/homebrew-core/Formula/gcc.rb
/usr/local/Library/brew.rb (Formulary::TapLoader): loading /usr/local/Library/Taps/homebrew/homebrew-core/Formula/gd.rb
/usr/local/Library/brew.rb (Formulary::TapLoader): loading /usr/local/Library/Taps/homebrew/homebrew-core/Formula/gdbm.rb
/usr/local/Library/brew.rb (Formulary::TapLoader): loading /usr/local/Library/Taps/homebrew/homebrew-core/Formula/gdk-pixbuf.rb
/usr/local/Library/brew.rb (Formulary::TapLoader): loading /usr/local/Library/Taps/homebrew/homebrew-core/Formula/ghostscript.rb
/usr/local/Library/brew.rb (Formulary::TapLoader): loading /usr/local/Library/Taps/homebrew/homebrew-core/Formula/giflib.rb
/usr/local/Library/brew.rb (Formulary::TapLoader): loading /usr/local/Library/Taps/homebrew/homebrew-core/Formula/gimp.rb
/usr/local/Library/brew.rb (Formulary::TapLoader): loading /usr/local/Library/Taps/homebrew/homebrew-core/Formula/git.rb
/usr/local/Library/brew.rb (Formulary::TapLoader): loading /usr/local/Library/Taps/homebrew/homebrew-core/Formula/git-review.rb
/usr/local/Library/brew.rb (Formulary::TapLoader): loading /usr/local/Library/Taps/homebrew/homebrew-core/Formula/glib.rb
/usr/local/Library/brew.rb (Formulary::TapLoader): loading /usr/local/Library/Taps/homebrew/homebrew-core/Formula/gmp.rb
/usr/local/Library/brew.rb (Formulary::TapLoader): loading /usr/local/Library/Taps/homebrew/homebrew-core/Formula/gnu-sed.rb
/usr/local/Library/brew.rb (Formulary::TapLoader): loading /usr/local/Library/Taps/homebrew/homebrew-core/Formula/gnutls.rb
/usr/local/Library/brew.rb (Formulary::TapLoader): loading /usr/local/Library/Taps/homebrew/homebrew-core/Formula/go.rb
/usr/local/Library/brew.rb (Formulary::TapLoader): loading /usr/local/Library/Taps/homebrew/homebrew-core/Formula/gobject-introspection.rb
/usr/local/Library/brew.rb (Formulary::TapLoader): loading /usr/local/Library/Taps/homebrew/homebrew-core/Formula/graphite2.rb
/usr/local/Library/brew.rb (Formulary::TapLoader): loading /usr/local/Library/Taps/homebrew/homebrew-core/Formula/graphviz.rb
/usr/local/Library/brew.rb (Formulary::TapLoader): loading /usr/local/Library/Taps/homebrew/homebrew-dupes/grep.rb
/usr/local/Library/brew.rb (Formulary::TapLoader): loading /usr/local/Library/Taps/homebrew/homebrew-core/Formula/gringo.rb
/usr/local/Library/brew.rb (Formulary::TapLoader): loading /usr/local/Library/Taps/homebrew/homebrew-core/Formula/gsasl.rb
/usr/local/Library/brew.rb (Formulary::TapLoader): loading /usr/local/Library/Taps/homebrew/homebrew-core/Formula/gsettings-desktop-schemas.rb
/usr/local/Library/brew.rb (Formulary::TapLoader): loading /usr/local/Library/Taps/homebrew/homebrew-core/Formula/gtk+.rb
/usr/local/Library/brew.rb (Formulary::TapLoader): loading /usr/local/Library/Taps/homebrew/homebrew-core/Formula/gtk+3.rb
/usr/local/Library/brew.rb (Formulary::TapLoader): loading /usr/local/Library/Taps/homebrew/homebrew-core/Formula/gtk-mac-integration.rb
/usr/local/Library/brew.rb (Formulary::TapLoader): loading /usr/local/Library/Taps/homebrew/homebrew-core/Formula/gts.rb
/usr/local/Library/brew.rb (Formulary::TapLoader): loading /usr/local/Library/Taps/homebrew/homebrew-core/Formula/guile.rb
/usr/local/Library/brew.rb (Formulary::TapLoader): loading /usr/local/Library/Taps/homebrew/homebrew-core/Formula/harfbuzz.rb
/usr/local/Library/brew.rb (Formulary::TapLoader): loading /usr/local/Library/Taps/homebrew/homebrew-core/Formula/hicolor-icon-theme.rb
/usr/local/Library/brew.rb (Formulary::TapLoader): loading /usr/local/Library/Taps/homebrew/homebrew-apache/httpd24.rb
/usr/local/Library/brew.rb (Formulary::TapLoader): loading /usr/local/Library/Taps/homebrew/homebrew-core/Formula/ilmbase.rb
/usr/local/Library/brew.rb (Formulary::TapLoader): loading /usr/local/Library/Taps/homebrew/homebrew-core/Formula/imagemagick.rb
/usr/local/Library/brew.rb (Formulary::TapLoader): loading /usr/local/Library/Taps/homebrew/homebrew-core/Formula/imap-uw.rb
/usr/local/Library/brew.rb (Formulary::TapLoader): loading /usr/local/Library/Taps/homebrew/homebrew-core/Formula/intltool.rb
/usr/local/Library/brew.rb (Formulary::TapLoader): loading /usr/local/Library/Taps/homebrew/homebrew-core/Formula/irssi.rb
/usr/local/Library/brew.rb (Formulary::TapLoader): loading /usr/local/Library/Taps/homebrew/homebrew-core/Formula/isl.rb
/usr/local/Library/brew.rb (Formulary::TapLoader): loading /usr/local/Library/Taps/homebrew/homebrew-core/Formula/jansson.rb
/usr/local/Library/brew.rb (Formulary::TapLoader): loading /usr/local/Library/Taps/homebrew/homebrew-core/Formula/jasper.rb
/usr/local/Library/brew.rb (Formulary::TapLoader): loading /usr/local/Library/Taps/homebrew/homebrew-core/Formula/jbig2dec.rb
/usr/local/Library/brew.rb (Formulary::TapLoader): loading /usr/local/Library/Taps/homebrew/homebrew-core/Formula/jpeg.rb
/usr/local/Library/brew.rb (Formulary::TapLoader): loading /usr/local/Library/Taps/homebrew/homebrew-core/Formula/ldns.rb
/usr/local/Library/brew.rb (Formulary::TapLoader): loading /usr/local/Library/Taps/homebrew/homebrew-core/Formula/libatomic_ops.rb
/usr/local/Library/brew.rb (Formulary::TapLoader): loading /usr/local/Library/Taps/homebrew/homebrew-core/Formula/libcroco.rb
/usr/local/Library/brew.rb (Formulary::TapLoader): loading /usr/local/Library/Taps/homebrew/homebrew-core/Formula/libepoxy.rb
/usr/local/Library/brew.rb (Formulary::TapLoader): loading /usr/local/Library/Taps/homebrew/homebrew-core/Formula/libev.rb
/usr/local/Library/brew.rb (Formulary::TapLoader): loading /usr/local/Library/Taps/homebrew/homebrew-core/Formula/libevent.rb
/usr/local/Library/brew.rb (Formulary::TapLoader): loading /usr/local/Library/Taps/homebrew/homebrew-core/Formula/libexif.rb
/usr/local/Library/brew.rb (Formulary::TapLoader): loading /usr/local/Library/Taps/homebrew/homebrew-core/Formula/libglade.rb
/usr/local/Library/brew.rb (Formulary::TapLoader): loading /usr/local/Library/Taps/homebrew/homebrew-core/Formula/libgsf.rb
/usr/local/Library/brew.rb (Formulary::TapLoader): loading /usr/local/Library/Taps/homebrew/homebrew-core/Formula/libidn.rb
/usr/local/Library/brew.rb (Formulary::TapLoader): loading /usr/local/Library/Taps/homebrew/homebrew-core/Formula/liblqr.rb
/usr/local/Library/brew.rb (Formulary::TapLoader): loading /usr/local/Library/Taps/homebrew/homebrew-core/Formula/libmetalink.rb
/usr/local/Library/brew.rb (Formulary::TapLoader): loading /usr/local/Library/Taps/homebrew/homebrew-core/Formula/libmpc.rb
/usr/local/Library/brew.rb (Formulary::TapLoader): loading /usr/local/Library/Taps/homebrew/homebrew-core/Formula/libpng.rb
/usr/local/Library/brew.rb (Formulary::TapLoader): loading /usr/local/Library/Taps/homebrew/homebrew-core/Formula/librsvg.rb
/usr/local/Library/brew.rb (Formulary::TapLoader): loading /usr/local/Library/Taps/homebrew/homebrew-core/Formula/libssh2.rb
/usr/local/Library/brew.rb (Formulary::TapLoader): loading /usr/local/Library/Taps/homebrew/homebrew-core/Formula/libtasn1.rb
/usr/local/Library/brew.rb (Formulary::TapLoader): loading /usr/local/Library/Taps/homebrew/homebrew-core/Formula/libtiff.rb
/usr/local/Library/brew.rb (Formulary::TapLoader): loading /usr/local/Library/Taps/homebrew/homebrew-core/Formula/libtool.rb
/usr/local/Library/brew.rb (Formulary::TapLoader): loading /usr/local/Library/Taps/homebrew/homebrew-core/Formula/libunistring.rb
/usr/local/Library/brew.rb (Formulary::TapLoader): loading /usr/local/Library/Taps/homebrew/homebrew-core/Formula/libvpx.rb
/usr/local/Library/brew.rb (Formulary::TapLoader): loading /usr/local/Library/Taps/homebrew/homebrew-core/Formula/libwmf.rb
/usr/local/Library/brew.rb (Formulary::TapLoader): loading /usr/local/Library/Taps/homebrew/homebrew-core/Formula/libyaml.rb
/usr/local/Library/brew.rb (Formulary::TapLoader): loading /usr/local/Library/Taps/homebrew/homebrew-core/Formula/little-cms.rb
/usr/local/Library/brew.rb (Formulary::TapLoader): loading /usr/local/Library/Taps/homebrew/homebrew-core/Formula/little-cms2.rb
/usr/local/Library/brew.rb (Formulary::TapLoader): loading /usr/local/Library/Taps/homebrew/homebrew-core/Formula/lua.rb
/usr/local/Library/brew.rb (Formulary::TapLoader): loading /usr/local/Library/Taps/homebrew/homebrew-core/Formula/luajit.rb
/usr/local/Library/brew.rb (Formulary::TapLoader): loading /usr/local/Library/Taps/homebrew/homebrew-core/Formula/lz4.rb
/usr/local/Library/brew.rb (Formulary::TapLoader): loading /usr/local/Library/Taps/homebrew/homebrew-core/Formula/lzo.rb
/usr/local/Library/brew.rb (Formulary::TapLoader): loading /usr/local/Library/Taps/homebrew/homebrew-core/Formula/lzop.rb
/usr/local/Library/brew.rb (Formulary::TapLoader): loading /usr/local/Library/Taps/homebrew/homebrew-core/Formula/mailutils.rb
/usr/local/Library/brew.rb (Formulary::TapLoader): loading /usr/local/Library/Taps/homebrew/homebrew-core/Formula/makedepend.rb
/usr/local/Library/brew.rb (Formulary::TapLoader): loading /usr/local/Library/Taps/homebrew/homebrew-apache/mod_fastcgi.rb
/usr/local/Library/brew.rb (Formulary::TapLoader): loading /usr/local/Library/Taps/homebrew/homebrew-core/Formula/mpfr.rb
/usr/local/Library/brew.rb (Formulary::TapLoader): loading /usr/local/Library/Taps/homebrew/homebrew-core/Formula/mysql.rb
/usr/local/Library/brew.rb (Formulary::TapLoader): loading /usr/local/Library/Taps/homebrew/homebrew-dupes/nano.rb
/usr/local/Library/brew.rb (Formulary::TapLoader): loading /usr/local/Library/Taps/homebrew/homebrew-core/Formula/netpbm.rb
/usr/local/Library/brew.rb (Formulary::TapLoader): loading /usr/local/Library/Taps/homebrew/homebrew-core/Formula/nettle.rb
/usr/local/Library/brew.rb (Formulary::TapLoader): loading /usr/local/Library/Taps/homebrew/homebrew-core/Formula/nghttp2.rb
/usr/local/Library/brew.rb (Formulary::TapLoader): loading /usr/local/Library/Taps/homebrew/homebrew-core/Formula/ocaml.rb
/usr/local/Library/brew.rb (Formulary::TapLoader): loading /usr/local/Library/Taps/homebrew/homebrew-core/Formula/ocamlbuild.rb
/usr/local/Library/brew.rb (Formulary::TapLoader): loading /usr/local/Library/Taps/homebrew/homebrew-core/Formula/opam.rb
/usr/local/Library/brew.rb (Formulary::TapLoader): loading /usr/local/Library/Taps/homebrew/homebrew-core/Formula/open-mpi.rb
/usr/local/Library/brew.rb (Formulary::TapLoader): loading /usr/local/Library/Taps/homebrew/homebrew-core/Formula/openexr.rb
/usr/local/Library/brew.rb (Formulary::TapLoader): loading /usr/local/Library/Taps/homebrew/homebrew-core/Formula/openjpeg.rb
/usr/local/Library/brew.rb (Formulary::TapLoader): loading /usr/local/Library/Taps/homebrew/homebrew-versions/openjpeg21.rb
/usr/local/Library/brew.rb (Formulary::TapLoader): loading /usr/local/Library/Taps/homebrew/homebrew-dupes/openssh.rb
/usr/local/Library/brew.rb (Formulary::TapLoader): loading /usr/local/Library/Taps/homebrew/homebrew-boneyard/p11-kit.rb
/usr/local/Library/brew.rb (Formulary::TapLoader): loading /usr/local/Library/Taps/homebrew/homebrew-core/Formula/pango.rb
/usr/local/Library/brew.rb (Formulary::TapLoader): loading /usr/local/Library/Taps/homebrew/homebrew-core/Formula/pcre.rb
/usr/local/Library/brew.rb (Formulary::TapLoader): loading /usr/local/Library/Taps/homebrew/homebrew-core/Formula/perl.rb
/usr/local/Library/brew.rb (Formulary::TapLoader): loading /usr/local/Library/Taps/homebrew/homebrew-php/Formula/php56-opcache.rb
/usr/local/Library/brew.rb (Formulary::TapLoader): loading /usr/local/Library/Taps/homebrew/homebrew-core/Formula/pixman.rb
/usr/local/Library/brew.rb (Formulary::TapLoader): loading /usr/local/Library/Taps/homebrew/homebrew-core/Formula/pkg-config.rb
/usr/local/Library/brew.rb (Formulary::TapLoader): loading /usr/local/Library/Taps/homebrew/homebrew-core/Formula/poppler.rb
/usr/local/Library/brew.rb (Formulary::TapLoader): loading /usr/local/Library/Taps/homebrew/homebrew-core/Formula/postgresql.rb
/usr/local/Library/brew.rb (Formulary::TapLoader): loading /usr/local/Library/Taps/homebrew/homebrew-core/Formula/py2cairo.rb
/usr/local/Library/brew.rb (Formulary::TapLoader): loading /usr/local/Library/Taps/homebrew/homebrew-core/Formula/pygobject.rb
/usr/local/Library/brew.rb (Formulary::TapLoader): loading /usr/local/Library/Taps/homebrew/homebrew-core/Formula/pygtk.rb
/usr/local/Library/brew.rb (Formulary::TapLoader): loading /usr/local/Library/Taps/homebrew/homebrew-core/Formula/python.rb
/usr/local/Library/brew.rb (Formulary::TapLoader): loading /usr/local/Library/Taps/homebrew/homebrew-core/Formula/python3.rb
/usr/local/Library/brew.rb (Formulary::TapLoader): loading /usr/local/Library/Taps/homebrew/homebrew-core/Formula/qt.rb
/usr/local/Library/brew.rb (Formulary::TapLoader): loading /usr/local/Library/Taps/homebrew/homebrew-core/Formula/re2c.rb
/usr/local/Library/brew.rb (Formulary::TapLoader): loading /usr/local/Library/Taps/homebrew/homebrew-dupes/rsync.rb
/usr/local/Library/brew.rb (Formulary::TapLoader): loading /usr/local/Library/Taps/homebrew/homebrew-core/Formula/rtmpdump.rb
/usr/local/Library/brew.rb (Formulary::TapLoader): loading /usr/local/Library/Taps/homebrew/homebrew-core/Formula/ruby.rb
/usr/local/Library/brew.rb (Formulary::TapLoader): loading /usr/local/Library/Taps/homebrew/homebrew-core/Formula/scons.rb
/usr/local/Library/brew.rb (Formulary::TapLoader): loading /usr/local/Library/Taps/homebrew/homebrew-core/Formula/spdylay.rb
/usr/local/Library/brew.rb (Formulary::TapLoader): loading /usr/local/Library/Taps/homebrew/homebrew-core/Formula/sqlitebrowser.rb
/usr/local/Library/brew.rb (Formulary::TapLoader): loading /usr/local/Library/Taps/homebrew/homebrew-core/Formula/subversion.rb
/usr/local/Library/brew.rb (Formulary::TapLoader): loading /usr/local/Library/Taps/homebrew/homebrew-core/Formula/swig.rb
/usr/local/Library/brew.rb (Formulary::TapLoader): loading /usr/local/Library/Taps/homebrew/homebrew-core/Formula/tcsh.rb
/usr/local/Library/brew.rb (Formulary::TapLoader): loading /usr/local/Library/Taps/homebrew/homebrew-dupes/tidy.rb
/usr/local/Library/brew.rb (Formulary::TapLoader): loading /usr/local/Library/Taps/homebrew/homebrew-core/Formula/tidy-html5.rb
/usr/local/Library/brew.rb (Formulary::TapLoader): loading /usr/local/Library/Taps/homebrew/homebrew-core/Formula/unbound.rb
/usr/local/Library/brew.rb (Formulary::TapLoader): loading /usr/local/Library/Taps/homebrew/homebrew-core/Formula/unixodbc.rb
/usr/local/Library/brew.rb (Formulary::TapLoader): loading /usr/local/Library/Taps/homebrew/homebrew-core/Formula/vim.rb
/usr/local/Library/brew.rb (Formulary::TapLoader): loading /usr/local/Library/Taps/homebrew/homebrew-core/Formula/webp.rb
/usr/local/Library/brew.rb (Formulary::TapLoader): loading /usr/local/Library/Taps/homebrew/homebrew-core/Formula/xz.rb
/usr/local/Library/brew.rb (Formulary::TapLoader): loading /usr/local/Library/Taps/homebrew/homebrew-core/Formula/yasm.rb
Your system is ready to brew.
