HOMEBREW_VERSION: 1.0.8-115-g4f73fa7
ORIGIN: https://github.com/Homebrew/brew.git
HEAD: 4f73fa701210b803cd6a088f1a5b46f7bb4e129c
Last commit: 86 minutes ago
Core tap ORIGIN: https://github.com/Homebrew/homebrew-core
Core tap HEAD: 74b288f58f24ded14aaa0813a54222d97656e6bc
Core tap last commit: 3 hours ago
HOMEBREW_PREFIX: /usr/local
HOMEBREW_REPOSITORY: /usr/local/Homebrew
HOMEBREW_CELLAR: /usr/local/Cellar
HOMEBREW_BOTTLE_DOMAIN: https://homebrew.bintray.com
CPU: dual-core 64-bit core2
Homebrew Ruby: 2.0.0-p648
Clang: 8.0 build 800
Git: 2.10.1 => /usr/local/bin/git
Perl: /usr/local/bin/perl => /usr/local/Cellar/perl/5.24.0_1/bin/perl
Python: /usr/local/bin/python => /usr/local/Cellar/python/2.7.12_2/Frameworks/Python.framework/Versions/2.7/bin/python2.7
Ruby: /usr/local/bin/ruby => /usr/local/Cellar/ruby/2.3.1_2/bin/ruby
Java: 1.8.0_112, 1.8.0_111
macOS: 10.11.6-x86_64
Xcode: 8.0
CLT: 7.3.1.0.1.1461711523
X11: 2.7.9 => /opt/X11
