HOMEBREW_VERSION: 1.1.12
ORIGIN: https://github.com/Homebrew/brew.git
HEAD: 8ea778f7c7ea790694485030d105a92a9416ef33
Last commit: 26 hours ago
Core tap ORIGIN: https://github.com/Homebrew/homebrew-core
Core tap HEAD: 31539b246485aa0a18df8d718b960fc64f751c34
Core tap last commit: 57 minutes ago
HOMEBREW_PREFIX: /usr/local
HOMEBREW_REPOSITORY: /usr/local/Homebrew
HOMEBREW_CELLAR: /usr/local/Cellar
HOMEBREW_BOTTLE_DOMAIN: https://homebrew.bintray.com
CPU: dual-core 64-bit core2
Homebrew Ruby: 2.0.0-p648
Clang: 8.0 build 800
Git: 2.12.2 => /usr/local/bin/git
Perl: /usr/local/bin/perl => /usr/local/Cellar/perl/5.24.1/bin/perl
Python: /usr/local/bin/python => /usr/local/Cellar/python/2.7.13/Frameworks/Python.framework/Versions/2.7/bin/python2.7
Ruby: /usr/local/bin/ruby => /usr/local/Cellar/ruby/2.4.1_1/bin/ruby
Java: 1.8.0_121
macOS: 10.11.6-x86_64
Xcode: 8.2.1
CLT: 8.2.0.0.1.1480973914
X11: 2.7.11 => /opt/X11
