This file contains any messages produced by compilers while
running configure, to aid debugging if configure makes a mistake.

It was created by sqlite configure 3.16.2, which was
generated by GNU Autoconf 2.69.  Invocation command line was

  $ ./configure --prefix=/usr/local/Cellar/sqlite/3.16.2 --disable-dependency-tracking --enable-dynamic-extensions

## --------- ##
## Platform. ##
## --------- ##

hostname = Bryces-HD-1-TB.local
uname -m = x86_64
uname -r = 15.6.0
uname -s = Darwin
uname -v = Darwin Kernel Version 15.6.0: Wed Nov  2 20:30:56 PDT 2016; root:xnu-3248.60.11.1.2~2/RELEASE_X86_64

/usr/bin/uname -p = i386
/bin/uname -X     = unknown

/bin/arch              = unknown
/usr/bin/arch -k       = unknown
/usr/convex/getsysinfo = unknown
/usr/bin/hostinfo      = Mach kernel version:
	 Darwin Kernel Version 15.6.0: Wed Nov  2 20:30:56 PDT 2016; root:xnu-3248.60.11.1.2~2/RELEASE_X86_64
Kernel configured for up to 2 processors.
2 processors are physically available.
2 processors are logically available.
Processor type: i486 (Intel 80486)
Processors active: 0 1
Primary memory available: 4.00 gigabytes
Default processor set: 254 tasks, 987 threads, 2 processors
Load average: 2.51, Mach factor: 0.44
/bin/machine           = unknown
/usr/bin/oslevel       = unknown
/bin/universe          = unknown

PATH: /usr/local/Homebrew/Library/Homebrew/shims/super
PATH: /usr/local/opt/icu4c/bin
PATH: /usr/bin
PATH: /bin
PATH: /usr/sbin
PATH: /sbin


## ----------- ##
## Core tests. ##
## ----------- ##

configure:2335: checking for a BSD-compatible install
configure:2403: result: /usr/bin/install -c
configure:2414: checking whether build environment is sane
configure:2469: result: yes
configure:2620: checking for a thread-safe mkdir -p
configure:2659: result: ./install-sh -c -d
configure:2666: checking for gawk
configure:2696: result: no
configure:2666: checking for mawk
configure:2696: result: no
configure:2666: checking for nawk
configure:2696: result: no
configure:2666: checking for awk
configure:2682: found /usr/bin/awk
configure:2693: result: awk
configure:2704: checking whether make sets $(MAKE)
configure:2726: result: yes
configure:2755: checking whether make supports nested variables
configure:2772: result: yes
configure:2911: checking for style of include used by make
configure:2939: result: GNU
configure:3010: checking for gcc
configure:3037: result: clang
configure:3266: checking for C compiler version
configure:3275: clang --version >&5
Apple LLVM version 8.0.0 (clang-800.0.42.1)
Target: i386-apple-darwin15.6.0
Thread model: posix
InstalledDir: /Applications/Xcode.app/Contents/Developer/Toolchains/XcodeDefault.xctoolchain/usr/bin
configure:3286: $? = 0
configure:3275: clang -v >&5
Apple LLVM version 8.0.0 (clang-800.0.42.1)
Target: x86_64-apple-darwin15.6.0
Thread model: posix
InstalledDir: /Applications/Xcode.app/Contents/Developer/Toolchains/XcodeDefault.xctoolchain/usr/bin
configure:3286: $? = 0
configure:3275: clang -V >&5
clang: error: unsupported option '-V -isystem/usr/local/include'
configure:3286: $? = 1
configure:3275: clang -qversion >&5
clang: error: unknown argument: '-qversion'
configure:3286: $? = 1
configure:3306: checking whether the C compiler works
configure:3328: clang  -DSQLITE_ENABLE_COLUMN_METADATA=1 -DSQLITE_MAX_VARIABLE_NUMBER=250000 -DSQLITE_ENABLE_RTREE=1 -DSQLITE_ENABLE_FTS3=1 -DSQLITE_ENABLE_FTS3_PARENTHESIS=1 -DSQLITE_SECURE_DELETE=1 -DSQLITE_ENABLE_UNLOCK_NOTIFY=1 -DSQLITE_ENABLE_DBSTAT_VTAB=1 -DSQLITE_ENABLE_JSON1=1 -DSQLITE_ENABLE_PREUPDATE_HOOK=1 -DSQLITE_ENABLE_SESSION=1 -I/usr/local/Cellar/icu4c/58.2/include    -DSQLITE_ENABLE_ICU=1  -L/usr/local/Cellar/icu4c/58.2/lib -licui18n -licuuc -licudata    conftest.c  >&5
configure:3332: $? = 0
configure:3380: result: yes
configure:3383: checking for C compiler default output file name
configure:3385: result: a.out
configure:3391: checking for suffix of executables
configure:3398: clang -o conftest  -DSQLITE_ENABLE_COLUMN_METADATA=1 -DSQLITE_MAX_VARIABLE_NUMBER=250000 -DSQLITE_ENABLE_RTREE=1 -DSQLITE_ENABLE_FTS3=1 -DSQLITE_ENABLE_FTS3_PARENTHESIS=1 -DSQLITE_SECURE_DELETE=1 -DSQLITE_ENABLE_UNLOCK_NOTIFY=1 -DSQLITE_ENABLE_DBSTAT_VTAB=1 -DSQLITE_ENABLE_JSON1=1 -DSQLITE_ENABLE_PREUPDATE_HOOK=1 -DSQLITE_ENABLE_SESSION=1 -I/usr/local/Cellar/icu4c/58.2/include    -DSQLITE_ENABLE_ICU=1  -L/usr/local/Cellar/icu4c/58.2/lib -licui18n -licuuc -licudata    conftest.c  >&5
configure:3402: $? = 0
configure:3424: result: 
configure:3446: checking whether we are cross compiling
configure:3454: clang -o conftest  -DSQLITE_ENABLE_COLUMN_METADATA=1 -DSQLITE_MAX_VARIABLE_NUMBER=250000 -DSQLITE_ENABLE_RTREE=1 -DSQLITE_ENABLE_FTS3=1 -DSQLITE_ENABLE_FTS3_PARENTHESIS=1 -DSQLITE_SECURE_DELETE=1 -DSQLITE_ENABLE_UNLOCK_NOTIFY=1 -DSQLITE_ENABLE_DBSTAT_VTAB=1 -DSQLITE_ENABLE_JSON1=1 -DSQLITE_ENABLE_PREUPDATE_HOOK=1 -DSQLITE_ENABLE_SESSION=1 -I/usr/local/Cellar/icu4c/58.2/include    -DSQLITE_ENABLE_ICU=1  -L/usr/local/Cellar/icu4c/58.2/lib -licui18n -licuuc -licudata    conftest.c  >&5
configure:3458: $? = 0
configure:3465: ./conftest
dyld: Library not loaded: libicui18n.58.dylib
  Referenced from: /private/tmp/sqlite-20170109-22665-18pnatj/sqlite-autoconf-3160200/./conftest
  Reason: image not found
./configure: line 3467: 22895 Trace/BPT trap: 5       ./conftest$ac_cv_exeext
configure:3469: $? = 133
configure:3476: error: in `/private/tmp/sqlite-20170109-22665-18pnatj/sqlite-autoconf-3160200':
configure:3478: error: cannot run C compiled programs.
If you meant to cross compile, use `--host'.
See `config.log' for more details

## ---------------- ##
## Cache variables. ##
## ---------------- ##

ac_cv_env_CC_set=set
ac_cv_env_CC_value=clang
ac_cv_env_CFLAGS_set=
ac_cv_env_CFLAGS_value=
ac_cv_env_CPPFLAGS_set=set
ac_cv_env_CPPFLAGS_value='-DSQLITE_ENABLE_COLUMN_METADATA=1 -DSQLITE_MAX_VARIABLE_NUMBER=250000 -DSQLITE_ENABLE_RTREE=1 -DSQLITE_ENABLE_FTS3=1 -DSQLITE_ENABLE_FTS3_PARENTHESIS=1 -DSQLITE_SECURE_DELETE=1 -DSQLITE_ENABLE_UNLOCK_NOTIFY=1 -DSQLITE_ENABLE_DBSTAT_VTAB=1 -DSQLITE_ENABLE_JSON1=1 -DSQLITE_ENABLE_PREUPDATE_HOOK=1 -DSQLITE_ENABLE_SESSION=1 -I/usr/local/Cellar/icu4c/58.2/include    -DSQLITE_ENABLE_ICU=1'
ac_cv_env_CPP_set=
ac_cv_env_CPP_value=
ac_cv_env_LDFLAGS_set=set
ac_cv_env_LDFLAGS_value=' -L/usr/local/Cellar/icu4c/58.2/lib -licui18n -licuuc -licudata   '
ac_cv_env_LIBS_set=
ac_cv_env_LIBS_value=
ac_cv_env_LT_SYS_LIBRARY_PATH_set=
ac_cv_env_LT_SYS_LIBRARY_PATH_value=
ac_cv_env_build_alias_set=
ac_cv_env_build_alias_value=
ac_cv_env_host_alias_set=
ac_cv_env_host_alias_value=
ac_cv_env_target_alias_set=
ac_cv_env_target_alias_value=
ac_cv_func_basename_r=no
ac_cv_func_clock_getres=no
ac_cv_func_clock_gettime=no
ac_cv_func_clock_settime=no
ac_cv_func_dirname_r=no
ac_cv_func_getentropy=no
ac_cv_func_mkostemp=no
ac_cv_func_mkostemps=no
ac_cv_func_timingsafe_bcmp=no
ac_cv_path_install='/usr/bin/install -c'
ac_cv_prog_AWK=awk
ac_cv_prog_ac_ct_CC=clang
ac_cv_prog_make_make_set=yes
ac_cv_search_clock_gettime=no
am_cv_make_support_nested_variables=yes

## ----------------- ##
## Output variables. ##
## ----------------- ##

ACLOCAL='${SHELL} /private/tmp/sqlite-20170109-22665-18pnatj/sqlite-autoconf-3160200/missing aclocal-1.15'
AMDEPBACKSLASH=''
AMDEP_FALSE=''
AMDEP_TRUE='#'
AMTAR='$${TAR-tar}'
AM_BACKSLASH='\'
AM_DEFAULT_V='$(AM_DEFAULT_VERBOSITY)'
AM_DEFAULT_VERBOSITY='1'
AM_V='$(V)'
AR=''
AUTOCONF='${SHELL} /private/tmp/sqlite-20170109-22665-18pnatj/sqlite-autoconf-3160200/missing autoconf'
AUTOHEADER='${SHELL} /private/tmp/sqlite-20170109-22665-18pnatj/sqlite-autoconf-3160200/missing autoheader'
AUTOMAKE='${SHELL} /private/tmp/sqlite-20170109-22665-18pnatj/sqlite-autoconf-3160200/missing automake-1.15'
AWK='awk'
BUILD_CFLAGS=''
CC='clang'
CCDEPMODE=''
CFLAGS=''
CPP=''
CPPFLAGS='-DSQLITE_ENABLE_COLUMN_METADATA=1 -DSQLITE_MAX_VARIABLE_NUMBER=250000 -DSQLITE_ENABLE_RTREE=1 -DSQLITE_ENABLE_FTS3=1 -DSQLITE_ENABLE_FTS3_PARENTHESIS=1 -DSQLITE_SECURE_DELETE=1 -DSQLITE_ENABLE_UNLOCK_NOTIFY=1 -DSQLITE_ENABLE_DBSTAT_VTAB=1 -DSQLITE_ENABLE_JSON1=1 -DSQLITE_ENABLE_PREUPDATE_HOOK=1 -DSQLITE_ENABLE_SESSION=1 -I/usr/local/Cellar/icu4c/58.2/include    -DSQLITE_ENABLE_ICU=1'
CYGPATH_W='echo'
DEFS=''
DEPDIR='.deps'
DLLTOOL=''
DSYMUTIL=''
DUMPBIN=''
DYNAMIC_EXTENSION_FLAGS=''
ECHO_C='\c'
ECHO_N=''
ECHO_T=''
EGREP=''
EXEEXT=''
EXTRA_SHELL_OBJ=''
FGREP=''
FTS5_FLAGS=''
GREP=''
INSTALL_DATA='${INSTALL} -m 644'
INSTALL_PROGRAM='${INSTALL}'
INSTALL_SCRIPT='${INSTALL}'
INSTALL_STRIP_PROGRAM='$(install_sh) -c -s'
JSON1_FLAGS=''
LD=''
LDFLAGS=' -L/usr/local/Cellar/icu4c/58.2/lib -licui18n -licuuc -licudata   '
LIBOBJS=''
LIBS=''
LIBTOOL=''
LIPO=''
LN_S=''
LTLIBOBJS=''
LT_SYS_LIBRARY_PATH=''
MAKEINFO='${SHELL} /private/tmp/sqlite-20170109-22665-18pnatj/sqlite-autoconf-3160200/missing makeinfo'
MANIFEST_TOOL=''
MKDIR_P='./install-sh -c -d'
NM=''
NMEDIT=''
OBJDUMP=''
OBJEXT=''
OTOOL64=''
OTOOL=''
PACKAGE='sqlite'
PACKAGE_BUGREPORT='http://www.sqlite.org'
PACKAGE_NAME='sqlite'
PACKAGE_STRING='sqlite 3.16.2'
PACKAGE_TARNAME='sqlite'
PACKAGE_URL=''
PACKAGE_VERSION='3.16.2'
PATH_SEPARATOR=':'
RANLIB=''
READLINE_LIBS=''
SED=''
SESSION_FLAGS=''
SET_MAKE=''
SHELL='/bin/sh'
STRIP=''
THREADSAFE_FLAGS=''
VERSION='3.16.2'
ac_ct_AR=''
ac_ct_CC='clang'
ac_ct_DUMPBIN=''
am__EXEEXT_FALSE=''
am__EXEEXT_TRUE=''
am__fastdepCC_FALSE=''
am__fastdepCC_TRUE=''
am__include='include'
am__isrc=''
am__leading_dot='.'
am__nodep=''
am__quote=''
am__tar='$${TAR-tar} chof - "$$tardir"'
am__untar='$${TAR-tar} xf -'
bindir='${exec_prefix}/bin'
build=''
build_alias=''
build_cpu=''
build_os=''
build_vendor=''
datadir='${datarootdir}'
datarootdir='${prefix}/share'
docdir='${datarootdir}/doc/${PACKAGE_TARNAME}'
dvidir='${docdir}'
exec_prefix='NONE'
host=''
host_alias=''
host_cpu=''
host_os=''
host_vendor=''
htmldir='${docdir}'
includedir='${prefix}/include'
infodir='${datarootdir}/info'
install_sh='${SHELL} /private/tmp/sqlite-20170109-22665-18pnatj/sqlite-autoconf-3160200/install-sh'
libdir='${exec_prefix}/lib'
libexecdir='${exec_prefix}/libexec'
localedir='${datarootdir}/locale'
localstatedir='${prefix}/var'
mandir='${datarootdir}/man'
mkdir_p='$(MKDIR_P)'
oldincludedir='/usr/include'
pdfdir='${docdir}'
prefix='/usr/local/Cellar/sqlite/3.16.2'
program_transform_name='s,x,x,'
psdir='${docdir}'
sbindir='${exec_prefix}/sbin'
sharedstatedir='${prefix}/com'
sysconfdir='${prefix}/etc'
target_alias=''

## ----------- ##
## confdefs.h. ##
## ----------- ##

/* confdefs.h */
#define PACKAGE_NAME "sqlite"
#define PACKAGE_TARNAME "sqlite"
#define PACKAGE_VERSION "3.16.2"
#define PACKAGE_STRING "sqlite 3.16.2"
#define PACKAGE_BUGREPORT "http://www.sqlite.org"
#define PACKAGE_URL ""
#define PACKAGE "sqlite"
#define VERSION "3.16.2"

configure: exit 1
