This file contains any messages produced by compilers while
running configure, to aid debugging if configure makes a mistake.

It was created by configure, which was
generated by GNU Autoconf 2.67.  Invocation command line was

  $ ./configure --prefix=/usr/local/Cellar/php56/5.6.25_1 --localstatedir=/usr/local/var --sysconfdir=/usr/local/etc/php/5.6 --with-config-file-path=/usr/local/etc/php/5.6 --with-config-file-scan-dir=/usr/local/etc/php/5.6/conf.d --mandir=/usr/local/Cellar/php56/5.6.25_1/share/man --enable-bcmath --enable-calendar --enable-dba --enable-exif --enable-ftp --enable-gd-native-ttf --enable-mbregex --enable-mbstring --enable-shmop --enable-soap --enable-sockets --enable-sysvmsg --enable-sysvsem --enable-sysvshm --enable-wddx --enable-zip --with-freetype-dir=/usr/local/opt/freetype --with-gd --with-gettext=/usr/local/opt/gettext --with-iconv-dir=/usr --with-icu-dir=/usr/local/opt/icu4c --with-jpeg-dir=/usr/local/opt/jpeg --with-kerberos=/usr --with-libedit --with-mhash --with-ndbm=/usr --with-png-dir=/usr/local/opt/libpng --with-xmlrpc --with-zlib=/usr --with-readline=/usr/local/opt/readline --without-gmp --without-snmp --with-libxml-dir=/usr/local/opt/libxml2 --with-pdo-odbc=unixODBC,/usr/local/opt/unixodbc --with-unixODBC=/usr/local/opt/unixodbc --with-apxs2=/usr/local/bin/apxs --libexecdir=/usr/local/Cellar/php56/5.6.25_1/libexec --with-bz2=/usr --enable-debug --with-enchant=/usr/local/opt/enchant --with-openssl=/usr/local/opt/openssl --enable-fpm --with-fpm-user=_www --with-fpm-group=_www --with-curl=/usr/local/opt/curl --with-xsl=/usr/local/opt/libxslt --with-imap=/usr/local/opt/imap-uw --with-imap-ssl=/usr/local/opt/openssl --with-ldap --with-ldap-sasl=/usr --with-mysql-sock=/tmp/mysql.sock --with-mysqli=mysqlnd --with-mysql=mysqlnd --with-pdo-mysql=mysqlnd --with-mssql=/usr/local/opt/freetds --with-pdo-dblib=/usr/local/opt/freetds --disable-opcache --enable-pcntl --with-pgsql=/usr/local/opt/postgresql --with-pdo-pgsql=/usr/local/opt/postgresql --enable-phpdbg --enable-maintainer-zts --enable-phpdbg --enable-phpdbg-debug --enable-zend-signals

## --------- ##
## Platform. ##
## --------- ##

hostname = Bryces-HD-1-TB.local
uname -m = x86_64
uname -r = 15.6.0
uname -s = Darwin
uname -v = Darwin Kernel Version 15.6.0: Thu Jun 23 18:25:34 PDT 2016; root:xnu-3248.60.10~1/RELEASE_X86_64

/usr/bin/uname -p = i386
/bin/uname -X     = unknown

/bin/arch              = unknown
/usr/bin/arch -k       = unknown
/usr/convex/getsysinfo = unknown
/usr/bin/hostinfo      = Mach kernel version:
	 Darwin Kernel Version 15.6.0: Thu Jun 23 18:25:34 PDT 2016; root:xnu-3248.60.10~1/RELEASE_X86_64
Kernel configured for up to 2 processors.
2 processors are physically available.
2 processors are logically available.
Processor type: i486 (Intel 80486)
Processors active: 0 1
Primary memory available: 4.00 gigabytes
Default processor set: 310 tasks, 1150 threads, 2 processors
Load average: 3.38, Mach factor: 0.37
/bin/machine           = unknown
/usr/bin/oslevel       = unknown
/bin/universe          = unknown

PATH: /usr/local/opt/python/bin
PATH: /usr/local/Library/Homebrew/shims/super
PATH: /usr/local/opt/libidn/bin
PATH: /usr/local/opt/openssl/bin
PATH: /usr/local/opt/rtmpdump/bin
PATH: /usr/local/opt/libevent/bin
PATH: /usr/local/opt/icu4c/bin
PATH: /usr/local/opt/spdylay/bin
PATH: /usr/local/opt/nghttp2/bin
PATH: /usr/local/opt/curl/bin
PATH: /usr/local/opt/gettext/bin
PATH: /usr/local/opt/pcre/bin
PATH: /usr/local/opt/glib/bin
PATH: /usr/local/opt/aspell/bin
PATH: /usr/local/opt/enchant/bin
PATH: /usr/local/opt/freetds/bin
PATH: /usr/local/opt/libpng/bin
PATH: /usr/local/opt/freetype/bin
PATH: /usr/local/opt/imap-uw/bin
PATH: /usr/local/opt/jpeg/bin
PATH: /usr/local/opt/libxml2/bin
PATH: /usr/local/opt/unixodbc/bin
PATH: /usr/local/opt/postgresql/bin
PATH: /usr/local/opt/python/bin
PATH: /usr/bin
PATH: /bin
PATH: /usr/sbin
PATH: /sbin
PATH: /usr/local/bin


## ----------- ##
## Core tests. ##
## ----------- ##

configure:3264: checking for grep that handles long lines and -e
configure:3322: result: /usr/local/bin/grep
configure:3327: checking for egrep
configure:3389: result: /usr/local/bin/grep -E
configure:3394: checking for a sed that does not truncate output
configure:3448: result: /usr/local/bin/gsed
configure:3553: checking build system type
configure:3567: result: x86_64-apple-darwin15.6.0
configure:3587: checking host system type
configure:3600: result: x86_64-apple-darwin15.6.0
configure:3620: checking target system type
configure:3633: result: x86_64-apple-darwin15.6.0
configure:3866: checking for C compiler version
configure:3875: clang --version >&5
Apple LLVM version 7.3.0 (clang-703.0.31)
Target: x86_64-apple-darwin15.6.0
Thread model: posix
InstalledDir: /Applications/Xcode.app/Contents/Developer/Toolchains/XcodeDefault.xctoolchain/usr/bin
configure:3886: $? = 0
configure:3875: clang -v >&5
Apple LLVM version 7.3.0 (clang-703.0.31)
Target: x86_64-apple-darwin15.6.0
Thread model: posix
InstalledDir: /Applications/Xcode.app/Contents/Developer/Toolchains/XcodeDefault.xctoolchain/usr/bin
configure:3886: $? = 0
configure:3875: clang -V >&5
clang: error: unsupported option '-V -isystem/usr/local/include'
configure:3886: $? = 1
configure:3875: clang -qversion >&5
clang: error: unknown argument: '-qversion'
configure:3886: $? = 1
configure:3906: checking whether the C compiler works
configure:3928: clang    conftest.c  >&5
configure:3932: $? = 0
configure:3980: result: yes
configure:3983: checking for C compiler default output file name
configure:3985: result: a.out
configure:3991: checking for suffix of executables
configure:3998: clang -o conftest    conftest.c  >&5
configure:4002: $? = 0
configure:4024: result: 
configure:4046: checking whether we are cross compiling
configure:4054: clang -o conftest    conftest.c  >&5
configure:4058: $? = 0
configure:4065: ./conftest
configure:4069: $? = 0
configure:4084: result: no
configure:4089: checking for suffix of object files
configure:4111: clang -c   conftest.c >&5
configure:4115: $? = 0
configure:4136: result: o
configure:4140: checking whether we are using the GNU C compiler
configure:4159: clang -c   conftest.c >&5
configure:4159: $? = 0
configure:4168: result: yes
configure:4177: checking whether clang accepts -g
configure:4197: clang -c -g  conftest.c >&5
configure:4197: $? = 0
configure:4238: result: yes
configure:4255: checking for clang option to accept ISO C89
configure:4319: clang  -c -g -O2  conftest.c >&5
configure:4319: $? = 0
configure:4332: result: none needed
configure:4358: checking how to run the C preprocessor
configure:4389: clang -E  conftest.c
configure:4389: $? = 0
configure:4403: clang -E  conftest.c
conftest.c:9:10: fatal error: 'ac_nonexistent.h' file not found
#include <ac_nonexistent.h>
         ^
1 error generated.
configure:4403: $? = 1
configure: failed program was:
| /* confdefs.h */
| #define PACKAGE_NAME ""
| #define PACKAGE_TARNAME ""
| #define PACKAGE_VERSION ""
| #define PACKAGE_STRING ""
| #define PACKAGE_BUGREPORT ""
| #define PACKAGE_URL ""
| /* end confdefs.h.  */
| #include <ac_nonexistent.h>
configure:4428: result: clang -E
configure:4448: clang -E  conftest.c
configure:4448: $? = 0
configure:4462: clang -E  conftest.c
conftest.c:9:10: fatal error: 'ac_nonexistent.h' file not found
#include <ac_nonexistent.h>
         ^
1 error generated.
configure:4462: $? = 1
configure: failed program was:
| /* confdefs.h */
| #define PACKAGE_NAME ""
| #define PACKAGE_TARNAME ""
| #define PACKAGE_VERSION ""
| #define PACKAGE_STRING ""
| #define PACKAGE_BUGREPORT ""
| #define PACKAGE_URL ""
| /* end confdefs.h.  */
| #include <ac_nonexistent.h>
configure:4493: checking for icc
configure:4502: result: no
configure:4516: checking for suncc
configure:4525: result: no
configure:4540: checking whether clang and cc understand -c and -o together
configure:4571: clang -c conftest.c -o conftest2.o >&5
configure:4575: $? = 0
configure:4581: clang -c conftest.c -o conftest2.o >&5
configure:4585: $? = 0
configure:4596: cc -c conftest.c >&5
configure:4600: $? = 0
configure:4608: cc -c conftest.c -o conftest2.o >&5
configure:4612: $? = 0
configure:4618: cc -c conftest.c -o conftest2.o >&5
configure:4622: $? = 0
configure:4640: result: yes
configure:4655: checking how to run the C preprocessor
configure:4725: result: clang -E
configure:4745: clang -E  conftest.c
configure:4745: $? = 0
configure:4759: clang -E  conftest.c
conftest.c:9:10: fatal error: 'ac_nonexistent.h' file not found
#include <ac_nonexistent.h>
         ^
1 error generated.
configure:4759: $? = 1
configure: failed program was:
| /* confdefs.h */
| #define PACKAGE_NAME ""
| #define PACKAGE_TARNAME ""
| #define PACKAGE_VERSION ""
| #define PACKAGE_STRING ""
| #define PACKAGE_BUGREPORT ""
| #define PACKAGE_URL ""
| /* end confdefs.h.  */
| #include <ac_nonexistent.h>
configure:4787: checking for ANSI C header files
configure:4807: clang -c -g -O2  conftest.c >&5
configure:4807: $? = 0
configure:4880: clang -o conftest -g -O2   conftest.c  >&5
configure:4880: $? = 0
configure:4880: ./conftest
configure:4880: $? = 0
configure:4891: result: yes
configure:4904: checking for sys/types.h
configure:4904: clang -c -g -O2  conftest.c >&5
configure:4904: $? = 0
configure:4904: result: yes
configure:4904: checking for sys/stat.h
configure:4904: clang -c -g -O2  conftest.c >&5
configure:4904: $? = 0
configure:4904: result: yes
configure:4904: checking for stdlib.h
configure:4904: clang -c -g -O2  conftest.c >&5
configure:4904: $? = 0
configure:4904: result: yes
configure:4904: checking for string.h
configure:4904: clang -c -g -O2  conftest.c >&5
configure:4904: $? = 0
configure:4904: result: yes
configure:4904: checking for memory.h
configure:4904: clang -c -g -O2  conftest.c >&5
configure:4904: $? = 0
configure:4904: result: yes
configure:4904: checking for strings.h
configure:4904: clang -c -g -O2  conftest.c >&5
configure:4904: $? = 0
configure:4904: result: yes
configure:4904: checking for inttypes.h
configure:4904: clang -c -g -O2  conftest.c >&5
configure:4904: $? = 0
configure:4904: result: yes
configure:4904: checking for stdint.h
configure:4904: clang -c -g -O2  conftest.c >&5
configure:4904: $? = 0
configure:4904: result: yes
configure:4904: checking for unistd.h
configure:4904: clang -c -g -O2  conftest.c >&5
configure:4904: $? = 0
configure:4904: result: yes
configure:4917: checking minix/config.h usability
configure:4917: clang -c -g -O2  conftest.c >&5
conftest.c:52:10: fatal error: 'minix/config.h' file not found
#include <minix/config.h>
         ^
1 error generated.
configure:4917: $? = 1
configure: failed program was:
| /* confdefs.h */
| #define PACKAGE_NAME ""
| #define PACKAGE_TARNAME ""
| #define PACKAGE_VERSION ""
| #define PACKAGE_STRING ""
| #define PACKAGE_BUGREPORT ""
| #define PACKAGE_URL ""
| #define STDC_HEADERS 1
| #define HAVE_SYS_TYPES_H 1
| #define HAVE_SYS_STAT_H 1
| #define HAVE_STDLIB_H 1
| #define HAVE_STRING_H 1
| #define HAVE_MEMORY_H 1
| #define HAVE_STRINGS_H 1
| #define HAVE_INTTYPES_H 1
| #define HAVE_STDINT_H 1
| #define HAVE_UNISTD_H 1
| /* end confdefs.h.  */
| #include <stdio.h>
| #ifdef HAVE_SYS_TYPES_H
| # include <sys/types.h>
| #endif
| #ifdef HAVE_SYS_STAT_H
| # include <sys/stat.h>
| #endif
| #ifdef STDC_HEADERS
| # include <stdlib.h>
| # include <stddef.h>
| #else
| # ifdef HAVE_STDLIB_H
| #  include <stdlib.h>
| # endif
| #endif
| #ifdef HAVE_STRING_H
| # if !defined STDC_HEADERS && defined HAVE_MEMORY_H
| #  include <memory.h>
| # endif
| # include <string.h>
| #endif
| #ifdef HAVE_STRINGS_H
| # include <strings.h>
| #endif
| #ifdef HAVE_INTTYPES_H
| # include <inttypes.h>
| #endif
| #ifdef HAVE_STDINT_H
| # include <stdint.h>
| #endif
| #ifdef HAVE_UNISTD_H
| # include <unistd.h>
| #endif
| #include <minix/config.h>
configure:4917: result: no
configure:4917: checking minix/config.h presence
configure:4917: clang -E  conftest.c
conftest.c:19:10: fatal error: 'minix/config.h' file not found
#include <minix/config.h>
         ^
1 error generated.
configure:4917: $? = 1
configure: failed program was:
| /* confdefs.h */
| #define PACKAGE_NAME ""
| #define PACKAGE_TARNAME ""
| #define PACKAGE_VERSION ""
| #define PACKAGE_STRING ""
| #define PACKAGE_BUGREPORT ""
| #define PACKAGE_URL ""
| #define STDC_HEADERS 1
| #define HAVE_SYS_TYPES_H 1
| #define HAVE_SYS_STAT_H 1
| #define HAVE_STDLIB_H 1
| #define HAVE_STRING_H 1
| #define HAVE_MEMORY_H 1
| #define HAVE_STRINGS_H 1
| #define HAVE_INTTYPES_H 1
| #define HAVE_STDINT_H 1
| #define HAVE_UNISTD_H 1
| /* end confdefs.h.  */
| #include <minix/config.h>
configure:4917: result: no
configure:4917: checking for minix/config.h
configure:4917: result: no
configure:4938: checking whether it is safe to define __EXTENSIONS__
configure:4956: clang -c -g -O2  conftest.c >&5
configure:4956: $? = 0
configure:4963: result: yes
configure:4978: checking whether ln -s works
configure:4982: result: yes
configure:4993: checking for system library directory
configure:5008: result: lib
configure:5017: checking whether to enable runpaths
configure:5031: result: yes
configure:5038: checking if compiler supports -R
configure:5057: clang -o conftest -g -O2   conftest.c -R /usr/lib  >&5
warning: unknown remark option '-R' [-Wunknown-warning-option]
1 warning generated.
ld: can't map file, errno=22 file '/Applications/Xcode.app/Contents/Developer/Platforms/MacOSX.platform/Developer/SDKs/MacOSX10.11.sdk/usr/lib' for architecture x86_64
clang: error: linker command failed with exit code 1 (use -v to see invocation)
configure:5057: $? = 1
configure: failed program was:
| /* confdefs.h */
| #define PACKAGE_NAME ""
| #define PACKAGE_TARNAME ""
| #define PACKAGE_VERSION ""
| #define PACKAGE_STRING ""
| #define PACKAGE_BUGREPORT ""
| #define PACKAGE_URL ""
| #define STDC_HEADERS 1
| #define HAVE_SYS_TYPES_H 1
| #define HAVE_SYS_STAT_H 1
| #define HAVE_STDLIB_H 1
| #define HAVE_STRING_H 1
| #define HAVE_MEMORY_H 1
| #define HAVE_STRINGS_H 1
| #define HAVE_INTTYPES_H 1
| #define HAVE_STDINT_H 1
| #define HAVE_UNISTD_H 1
| #define __EXTENSIONS__ 1
| #define _ALL_SOURCE 1
| #define _GNU_SOURCE 1
| #define _POSIX_PTHREAD_SEMANTICS 1
| #define _TANDEM_SOURCE 1
| /* end confdefs.h.  */
| 
| int
| main ()
| {
| 
|   ;
|   return 0;
| }
configure:5067: result: no
configure:5072: checking if compiler supports -Wl,-rpath,
configure:5091: clang -o conftest -g -O2   conftest.c -Wl,-rpath,/usr/lib  >&5
configure:5091: $? = 0
configure:5101: result: yes
configure:5119: checking for gawk
configure:5150: result: no
configure:5119: checking for nawk
configure:5150: result: no
configure:5119: checking for awk
configure:5136: found /usr/bin/awk
configure:5147: result: awk
configure:5170: checking if awk is broken
configure:5177: result: no
configure:5191: checking for bison
configure:5207: found /usr/bin/bison
configure:5218: result: bison -y
configure:5244: checking for bison version
configure:5268: result: invalid
configure:5274: WARNING: This bison version is not supported for regeneration of the Zend/PHP parsers (found: 2.3, min: 204, excluded: 3.0).
configure:5287: checking for re2c
configure:5303: found /usr/local/bin/re2c
configure:5314: result: re2c
configure:5323: checking for re2c version
configure:5337: result: 0.15.3 (ok)
configure:5363: checking whether to enable computed goto gcc extension with re2c
configure:5377: result: no
configure:5473: checking whether clang supports -no-cpp-precomp
configure:5490: result: yes
configure:5671: checking whether to force non-PIC code in shared modules
configure:5685: result: no
configure:5703: checking whether /dev/urandom exists
configure:5709: result: yes
configure:5795: clang -o conftest -g -O2 -fvisibility=hidden  -no-cpp-precomp  conftest.c  >&5
configure:5795: $? = 0
configure:5795: ./conftest
configure:5795: $? = 0
configure:5811: checking for pthreads_cflags
configure:5874: result: 
configure:5877: checking for pthreads_lib
configure:5939: result: 
configure:6012: result: 
configure:6014: result: [1mConfiguring SAPI modules[m
configure:6042: checking for AOLserver support
configure:6257: result: no
configure:6285: checking for Apache 1.x module support via DSO through APXS
configure:6575: result: no
configure:6601: checking for Apache 1.x module support
configure:7373: result: no
configure:7385: checking whether to enable Apache charset compatibility option
configure:7399: result: no
configure:7549: checking for Apache 2.0 filter-module support via DSO through APXS
configure:8345: result: no
configure:8373: checking for Apache 2.0 handler-module support via DSO through APXS
configure:8399: result: 
configure:8401: result: 
configure:8403: result: Sorry, I cannot run apxs.  Possible reasons follow:
configure:8405: result: 
configure:8407: result: 1. Perl is not installed
configure:8409: result: 2. apxs was not found. Try to pass the path using --with-apxs2=/path/to/apxs
configure:8411: result: 3. Apache was not built using --enable-so (the apxs usage page is displayed)
configure:8413: result: 
configure:8415: result: The output of /usr/local/bin/apxs follows:
configure:8418: error: Aborting

## ---------------- ##
## Cache variables. ##
## ---------------- ##

ac_cv_build=x86_64-apple-darwin15.6.0
ac_cv_c_compiler_gnu=yes
ac_cv_env_CCC_set=
ac_cv_env_CCC_value=
ac_cv_env_CC_set=set
ac_cv_env_CC_value=clang
ac_cv_env_CFLAGS_set=
ac_cv_env_CFLAGS_value=
ac_cv_env_CPPFLAGS_set=
ac_cv_env_CPPFLAGS_value=
ac_cv_env_CPP_set=
ac_cv_env_CPP_value=
ac_cv_env_CXXCPP_set=
ac_cv_env_CXXCPP_value=
ac_cv_env_CXXFLAGS_set=
ac_cv_env_CXXFLAGS_value=
ac_cv_env_CXX_set=set
ac_cv_env_CXX_value=clang++
ac_cv_env_LDFLAGS_set=
ac_cv_env_LDFLAGS_value=
ac_cv_env_LIBS_set=
ac_cv_env_LIBS_value=
ac_cv_env_YACC_set=
ac_cv_env_YACC_value=
ac_cv_env_YFLAGS_set=
ac_cv_env_YFLAGS_value=
ac_cv_env_build_alias_set=
ac_cv_env_build_alias_value=
ac_cv_env_host_alias_set=
ac_cv_env_host_alias_value=
ac_cv_env_target_alias_set=
ac_cv_env_target_alias_value=
ac_cv_gcc_arg_no_cpp_precomp=yes
ac_cv_header_inttypes_h=yes
ac_cv_header_memory_h=yes
ac_cv_header_minix_config_h=no
ac_cv_header_stdc=yes
ac_cv_header_stdint_h=yes
ac_cv_header_stdlib_h=yes
ac_cv_header_string_h=yes
ac_cv_header_strings_h=yes
ac_cv_header_sys_stat_h=yes
ac_cv_header_sys_types_h=yes
ac_cv_header_unistd_h=yes
ac_cv_host=x86_64-apple-darwin15.6.0
ac_cv_objext=o
ac_cv_path_EGREP='/usr/local/bin/grep -E'
ac_cv_path_GREP=/usr/local/bin/grep
ac_cv_prog_AWK=awk
ac_cv_prog_CPP='clang -E'
ac_cv_prog_RE2C=re2c
ac_cv_prog_YACC='bison -y'
ac_cv_prog_cc_c89=
ac_cv_prog_cc_clang_c_o=yes
ac_cv_prog_cc_g=yes
ac_cv_pthreads_cflags=
ac_cv_pthreads_lib=
ac_cv_safe_to_define___extensions__=yes
ac_cv_target=x86_64-apple-darwin15.6.0
lt_cv_path_SED=/usr/local/bin/gsed
php_cv_bison_version=invalid
php_cv_cc_dashr=no
php_cv_cc_rpath=yes
php_cv_re2c_version='0.15.3 (ok)'

## ----------------- ##
## Output variables. ##
## ----------------- ##

ALLOCA=''
AR=''
AWK='awk'
CC='clang'
CFLAGS='-g -O2 -fvisibility=hidden'
CONFIGURE_COMMAND=' '\''./configure'\''  '\''--prefix=/usr/local/Cellar/php56/5.6.25_1'\'' '\''--localstatedir=/usr/local/var'\'' '\''--sysconfdir=/usr/local/etc/php/5.6'\'' '\''--with-config-file-path=/usr/local/etc/php/5.6'\'' '\''--with-config-file-scan-dir=/usr/local/etc/php/5.6/conf.d'\'' '\''--mandir=/usr/local/Cellar/php56/5.6.25_1/share/man'\'' '\''--enable-bcmath'\'' '\''--enable-calendar'\'' '\''--enable-dba'\'' '\''--enable-exif'\'' '\''--enable-ftp'\'' '\''--enable-gd-native-ttf'\'' '\''--enable-mbregex'\'' '\''--enable-mbstring'\'' '\''--enable-shmop'\'' '\''--enable-soap'\'' '\''--enable-sockets'\'' '\''--enable-sysvmsg'\'' '\''--enable-sysvsem'\'' '\''--enable-sysvshm'\'' '\''--enable-wddx'\'' '\''--enable-zip'\'' '\''--with-freetype-dir=/usr/local/opt/freetype'\'' '\''--with-gd'\'' '\''--with-gettext=/usr/local/opt/gettext'\'' '\''--with-iconv-dir=/usr'\'' '\''--with-icu-dir=/usr/local/opt/icu4c'\'' '\''--with-jpeg-dir=/usr/local/opt/jpeg'\'' '\''--with-kerberos=/usr'\'' '\''--with-libedit'\'' '\''--with-mhash'\'' '\''--with-ndbm=/usr'\'' '\''--with-png-dir=/usr/local/opt/libpng'\'' '\''--with-xmlrpc'\'' '\''--with-zlib=/usr'\'' '\''--with-readline=/usr/local/opt/readline'\'' '\''--without-gmp'\'' '\''--without-snmp'\'' '\''--with-libxml-dir=/usr/local/opt/libxml2'\'' '\''--with-pdo-odbc=unixODBC,/usr/local/opt/unixodbc'\'' '\''--with-unixODBC=/usr/local/opt/unixodbc'\'' '\''--with-apxs2=/usr/local/bin/apxs'\'' '\''--libexecdir=/usr/local/Cellar/php56/5.6.25_1/libexec'\'' '\''--with-bz2=/usr'\'' '\''--enable-debug'\'' '\''--with-enchant=/usr/local/opt/enchant'\'' '\''--with-openssl=/usr/local/opt/openssl'\'' '\''--enable-fpm'\'' '\''--with-fpm-user=_www'\'' '\''--with-fpm-group=_www'\'' '\''--with-curl=/usr/local/opt/curl'\'' '\''--with-xsl=/usr/local/opt/libxslt'\'' '\''--with-imap=/usr/local/opt/imap-uw'\'' '\''--with-imap-ssl=/usr/local/opt/openssl'\'' '\''--with-ldap'\'' '\''--with-ldap-sasl=/usr'\'' '\''--with-mysql-sock=/tmp/mysql.sock'\'' '\''--with-mysqli=mysqlnd'\'' '\''--with-mysql=mysqlnd'\'' '\''--with-pdo-mysql=mysqlnd'\'' '\''--with-mssql=/usr/local/opt/freetds'\'' '\''--with-pdo-dblib=/usr/local/opt/freetds'\'' '\''--disable-opcache'\'' '\''--enable-pcntl'\'' '\''--with-pgsql=/usr/local/opt/postgresql'\'' '\''--with-pdo-pgsql=/usr/local/opt/postgresql'\'' '\''--enable-maintainer-zts'\'' '\''--enable-phpdbg'\'' '\''--enable-phpdbg-debug'\'' '\''--enable-zend-signals'\'' '\''CC=clang'\'' '\''CXX=clang++'\'''
CONFIGURE_OPTIONS=' '\''--prefix=/usr/local/Cellar/php56/5.6.25_1'\'' '\''--localstatedir=/usr/local/var'\'' '\''--sysconfdir=/usr/local/etc/php/5.6'\'' '\''--with-config-file-path=/usr/local/etc/php/5.6'\'' '\''--with-config-file-scan-dir=/usr/local/etc/php/5.6/conf.d'\'' '\''--mandir=/usr/local/Cellar/php56/5.6.25_1/share/man'\'' '\''--enable-bcmath'\'' '\''--enable-calendar'\'' '\''--enable-dba'\'' '\''--enable-exif'\'' '\''--enable-ftp'\'' '\''--enable-gd-native-ttf'\'' '\''--enable-mbregex'\'' '\''--enable-mbstring'\'' '\''--enable-shmop'\'' '\''--enable-soap'\'' '\''--enable-sockets'\'' '\''--enable-sysvmsg'\'' '\''--enable-sysvsem'\'' '\''--enable-sysvshm'\'' '\''--enable-wddx'\'' '\''--enable-zip'\'' '\''--with-freetype-dir=/usr/local/opt/freetype'\'' '\''--with-gd'\'' '\''--with-gettext=/usr/local/opt/gettext'\'' '\''--with-iconv-dir=/usr'\'' '\''--with-icu-dir=/usr/local/opt/icu4c'\'' '\''--with-jpeg-dir=/usr/local/opt/jpeg'\'' '\''--with-kerberos=/usr'\'' '\''--with-libedit'\'' '\''--with-mhash'\'' '\''--with-ndbm=/usr'\'' '\''--with-png-dir=/usr/local/opt/libpng'\'' '\''--with-xmlrpc'\'' '\''--with-zlib=/usr'\'' '\''--with-readline=/usr/local/opt/readline'\'' '\''--without-gmp'\'' '\''--without-snmp'\'' '\''--with-libxml-dir=/usr/local/opt/libxml2'\'' '\''--with-pdo-odbc=unixODBC,/usr/local/opt/unixodbc'\'' '\''--with-unixODBC=/usr/local/opt/unixodbc'\'' '\''--with-apxs2=/usr/local/bin/apxs'\'' '\''--libexecdir=/usr/local/Cellar/php56/5.6.25_1/libexec'\'' '\''--with-bz2=/usr'\'' '\''--enable-debug'\'' '\''--with-enchant=/usr/local/opt/enchant'\'' '\''--with-openssl=/usr/local/opt/openssl'\'' '\''--enable-fpm'\'' '\''--with-fpm-user=_www'\'' '\''--with-fpm-group=_www'\'' '\''--with-curl=/usr/local/opt/curl'\'' '\''--with-xsl=/usr/local/opt/libxslt'\'' '\''--with-imap=/usr/local/opt/imap-uw'\'' '\''--with-imap-ssl=/usr/local/opt/openssl'\'' '\''--with-ldap'\'' '\''--with-ldap-sasl=/usr'\'' '\''--with-mysql-sock=/tmp/mysql.sock'\'' '\''--with-mysqli=mysqlnd'\'' '\''--with-mysql=mysqlnd'\'' '\''--with-pdo-mysql=mysqlnd'\'' '\''--with-mssql=/usr/local/opt/freetds'\'' '\''--with-pdo-dblib=/usr/local/opt/freetds'\'' '\''--disable-opcache'\'' '\''--enable-pcntl'\'' '\''--with-pgsql=/usr/local/opt/postgresql'\'' '\''--with-pdo-pgsql=/usr/local/opt/postgresql'\'' '\''--enable-maintainer-zts'\'' '\''--enable-phpdbg'\'' '\''--enable-phpdbg-debug'\'' '\''--enable-zend-signals'\'' '\''CC=clang'\'' '\''CXX=clang++'\'''
CPP='clang -E'
CPPFLAGS=' -no-cpp-precomp'
CXX='clang++'
CXXCPP=''
CXXFLAGS=''
DEBUG_CFLAGS=''
DEFS=''
DSYMUTIL=''
ECHO='/bin/echo'
ECHO_C='\c'
ECHO_N=''
ECHO_T=''
EGREP='/usr/local/bin/grep -E'
EXEEXT=''
EXPANDED_BINDIR=''
EXPANDED_DATADIR=''
EXPANDED_EXTENSION_DIR=''
EXPANDED_LIBDIR=''
EXPANDED_LOCALSTATEDIR=''
EXPANDED_MANDIR=''
EXPANDED_PEAR_INSTALLDIR=''
EXPANDED_PHP_CONFIG_FILE_PATH=''
EXPANDED_PHP_CONFIG_FILE_SCAN_DIR=''
EXPANDED_SBINDIR=''
EXPANDED_SYSCONFDIR=''
EXTENSION_DIR=''
EXTRA_INCLUDES=''
EXTRA_LDFLAGS=''
EXTRA_LDFLAGS_PROGRAM=''
EXTRA_LIBS=''
GREP='/usr/local/bin/grep'
ICU_CONFIG=''
INCLUDES=''
INCLUDE_PATH=''
INLINE_CFLAGS=''
INSTALL_IT=''
KRB5_CONFIG=''
LDFLAGS=''
LIBOBJS=''
LIBS=''
LIBTOOL=''
LN_S='ln -s'
LTLIBOBJS=''
LTP=''
LTP_GENHTML=''
MANFMT=''
MYSQL_INCLUDE=''
MYSQL_LIBS=''
MYSQL_MODULE_TYPE=''
NATIVE_RPATHS=''
NMEDIT=''
OBJEXT='o'
OCI8_DIR=''
OCI8_ORACLE_VERSION=''
OCI8_SHARED_LIBADD=''
ODBC_INCLUDE=''
ODBC_LFLAGS=''
ODBC_LIBS=''
ODBC_TYPE=''
OPENSSL_INCDIR_OPT=''
PACKAGE_BUGREPORT=''
PACKAGE_NAME=''
PACKAGE_STRING=''
PACKAGE_TARNAME=''
PACKAGE_URL=''
PACKAGE_VERSION=''
PATH_SEPARATOR=':'
PDO_MYSQL_MODULE_TYPE=''
PDO_OCI_DIR=''
PDO_OCI_SHARED_LIBADD=''
PDO_OCI_VERSION=''
PEAR_INSTALLDIR=''
PHP_INSTALLED_SAPIS=''
PHP_LDFLAGS=''
PHP_LIBS=''
PHP_VERSION='5.6.25'
PHP_VERSION_ID='50625'
PKG_CONFIG=''
PROG_SENDMAIL=''
RANLIB=''
RE2C='re2c'
SED='/usr/local/bin/gsed'
SHELL='/bin/sh'
SHLIB_DL_SUFFIX_NAME='so'
SHLIB_SUFFIX_NAME='dylib'
SNMP_CONFIG=''
STRIP=''
TOUCH=''
UNZIP=''
YACC='exit 0;'
YFLAGS=''
ZEND_EXTRA_LIBS=''
abs_builddir='/private/tmp/php56-20160823-92932-u4rj63/php-5.6.25'
abs_srcdir='/private/tmp/php56-20160823-92932-u4rj63/php-5.6.25'
ac_ct_CC=''
ac_ct_CXX=''
bindir='${exec_prefix}/bin'
build='x86_64-apple-darwin15.6.0'
build_alias=''
build_cpu='x86_64'
build_os='darwin15.6.0'
build_vendor='apple'
datadir='${datarootdir}'
datarootdir='${prefix}/share'
docdir='${datarootdir}/doc/${PACKAGE}'
dvidir='${docdir}'
exec_prefix='NONE'
host='x86_64-apple-darwin15.6.0'
host_alias='x86_64-apple-darwin15.6.0'
host_cpu='x86_64'
host_os='darwin15.6.0'
host_vendor='apple'
htmldir='${docdir}'
includedir='${prefix}/include'
infodir='${datarootdir}/info'
libdir='${exec_prefix}/lib'
libexecdir='/usr/local/Cellar/php56/5.6.25_1/libexec'
localedir='${datarootdir}/locale'
localstatedir='/usr/local/var'
mandir='/usr/local/Cellar/php56/5.6.25_1/share/man'
oldincludedir='/usr/include'
pdfdir='${docdir}'
php_abs_top_builddir='/private/tmp/php56-20160823-92932-u4rj63/php-5.6.25'
php_abs_top_srcdir='/private/tmp/php56-20160823-92932-u4rj63/php-5.6.25'
php_fpm_group=''
php_fpm_localstatedir=''
php_fpm_prefix=''
php_fpm_sysconfdir=''
php_fpm_systemd=''
php_fpm_user=''
prefix='/usr/local/Cellar/php56/5.6.25_1'
program_prefix='NONE'
program_suffix='NONE'
program_transform_name='s,x,x,'
psdir='${docdir}'
sbindir='${exec_prefix}/sbin'
sharedstatedir='${prefix}/com'
sysconfdir='/usr/local/etc/php/5.6'
target='x86_64-apple-darwin15.6.0'
target_alias=''
target_cpu='x86_64'
target_os='darwin15.6.0'
target_vendor='apple'

## ----------- ##
## confdefs.h. ##
## ----------- ##

/* confdefs.h */
#define PACKAGE_NAME ""
#define PACKAGE_TARNAME ""
#define PACKAGE_VERSION ""
#define PACKAGE_STRING ""
#define PACKAGE_BUGREPORT ""
#define PACKAGE_URL ""
#define STDC_HEADERS 1
#define HAVE_SYS_TYPES_H 1
#define HAVE_SYS_STAT_H 1
#define HAVE_STDLIB_H 1
#define HAVE_STRING_H 1
#define HAVE_MEMORY_H 1
#define HAVE_STRINGS_H 1
#define HAVE_INTTYPES_H 1
#define HAVE_STDINT_H 1
#define HAVE_UNISTD_H 1
#define __EXTENSIONS__ 1
#define _ALL_SOURCE 1
#define _GNU_SOURCE 1
#define _POSIX_PTHREAD_SEMANTICS 1
#define _TANDEM_SOURCE 1
#define HAVE_DEV_URANDOM 1

configure: exit 1
